<?xml version="1.0" encoding="UTF-8"?>
<coverage generated="1612307225043" clover="3.2.0">
  <project timestamp="1612307225044" name="All files">
    <metrics statements="6" coveredstatements="6" conditionals="0" coveredconditionals="0" methods="2" coveredmethods="2" elements="8" coveredelements="8" complexity="0" loc="6" ncloc="6" packages="1" files="1" classes="1"/>
    <file name="roman-num.js" path="/Users/Luise/Desktop/roman-numerals/src/roman-num.js">
      <metrics statements="6" coveredstatements="6" conditionals="0" coveredconditionals="0" methods="2" coveredmethods="2"/>
      <line num="3" count="1" type="stmt"/>
      <line num="9" count="5" type="stmt"/>
      <line num="11" count="5" type="stmt"/>
      <line num="12" count="10" type="stmt"/>
      <line num="13" count="1008" type="stmt"/>
      <line num="16" count="5" type="stmt"/>
    </file>
  </project>
</coverage>
