{"/Users/Luise/Desktop/roman-numerals/src/roman-num.js": {"path":"/Users/Luise/Desktop/roman-numerals/src/roman-num.js","statementMap":{"0":{"start":{"line":3,"column":17},"end":{"line":6,"column":1}},"1":{"start":{"line":9,"column":17},"end":{"line":9,"column":19}},"2":{"start":{"line":11,"column":2},"end":{"line":15,"column":5}},"3":{"start":{"line":12,"column":4},"end":{"line":14,"column":5}},"4":{"start":{"line":13,"column":6},"end":{"line":13,"column":31}},"5":{"start":{"line":16,"column":2},"end":{"line":16,"column":18}}},"fnMap":{"0":{"name":"toRoman","decl":{"start":{"line":8,"column":24},"end":{"line":8,"column":31}},"loc":{"start":{"line":8,"column":37},"end":{"line":17,"column":1}},"line":8},"1":{"name":"(anonymous_1)","decl":{"start":{"line":11,"column":19},"end":{"line":11,"column":20}},"loc":{"start":{"line":11,"column":34},"end":{"line":15,"column":3}},"line":11}},"branchMap":{},"s":{"0":1,"1":4,"2":4,"3":8,"4":7,"5":4},"f":{"0":4,"1":8},"b":{},"_coverageSchema":"43e27e138ebf9cfc5966b082cf9a028302ed4184","hash":"1c7c29dfcd4e4019be0e4966dd5708d8836cb5c1"}
}
