{"/Users/Luise/Desktop/roman-numerals/src/roman-num.js": {"path":"/Users/Luise/Desktop/roman-numerals/src/roman-num.js","statementMap":{"0":{"start":{"line":3,"column":17},"end":{"line":17,"column":1}},"1":{"start":{"line":20,"column":17},"end":{"line":20,"column":19}},"2":{"start":{"line":22,"column":2},"end":{"line":26,"column":5}},"3":{"start":{"line":23,"column":4},"end":{"line":25,"column":5}},"4":{"start":{"line":24,"column":6},"end":{"line":24,"column":31}},"5":{"start":{"line":27,"column":2},"end":{"line":27,"column":18}}},"fnMap":{"0":{"name":"toRoman","decl":{"start":{"line":19,"column":24},"end":{"line":19,"column":31}},"loc":{"start":{"line":19,"column":37},"end":{"line":28,"column":1}},"line":19},"1":{"name":"(anonymous_1)","decl":{"start":{"line":22,"column":19},"end":{"line":22,"column":20}},"loc":{"start":{"line":22,"column":34},"end":{"line":26,"column":3}},"line":22}},"branchMap":{},"s":{"0":1,"1":5,"2":5,"3":65,"4":16,"5":5},"f":{"0":5,"1":65},"b":{},"_coverageSchema":"43e27e138ebf9cfc5966b082cf9a028302ed4184","hash":"15041c458ca2e3efae83bcbb7f0beae490fe951c"}
}
